<?xml version="1.0" encoding="UTF-8"?>
<!-- Generated by org.testng.reporters.JUnitReportReporter -->
<testsuite hostname="DTW-411658" failures="0" tests="1" name="com.qa.web.test.SelectableTest" time="6.145" errors="0" timestamp="2021-08-14T19:12:55 GST" skipped="0">
  <testcase classname="com.qa.web.test.SelectableTest" name="selectItems" time="6.145"/>
  <system-out/>
</testsuite> <!-- com.qa.web.test.SelectableTest -->
