<?xml version="1.0" encoding="UTF-8"?>
<!-- Generated by org.testng.reporters.JUnitReportReporter -->
<testsuite hostname="DTW-411658" failures="0" tests="2" name="com.qa.api.test.APITest" time="6.233" errors="0" timestamp="2021-08-14T19:12:55 GST" skipped="0">
  <testcase classname="com.qa.api.test.APITest" name="postRequest" time="1.609"/>
  <system-out/>
  <testcase classname="com.qa.api.test.APITest" name="getRequest" time="4.624"/>
  <system-out/>
</testsuite> <!-- com.qa.api.test.APITest -->
