<?xml version="1.0" encoding="UTF-8"?>
<!-- Generated by org.testng.reporters.JUnitReportReporter -->
<testsuite hostname="DTW-411658" failures="0" tests="1" name="com.qa.web.test.SelectTest" time="5.830" errors="0" timestamp="2021-08-14T17:43:58 GST" skipped="0">
  <testcase classname="com.qa.web.test.SelectTest" name="selectItems" time="5.830"/>
  <system-out/>
</testsuite> <!-- com.qa.web.test.SelectTest -->
